<?xml version="1.0" encoding="UTF-8"?>
<!-- Generated by org.testng.reporters.JUnitXMLReporter -->
<testsuite hostname="chaiyachaiya" name="Command line test" tests="11" failures="0" timestamp="8 Aug 2013 22:27:05 GMT" time="0.039" errors="0">
  <testcase name="should_tell_if_inside_the_field" time="0.003" classname="mowitnow.FieldTest"/>
  <testcase name="should_tell_if_inside_the_field" time="0.0" classname="mowitnow.FieldTest"/>
  <testcase name="should_tell_if_inside_the_field" time="0.001" classname="mowitnow.FieldTest"/>
  <testcase name="should_tell_if_inside_the_field" time="0.001" classname="mowitnow.FieldTest"/>
  <testcase name="should_tell_if_inside_the_field" time="0.0" classname="mowitnow.FieldTest"/>
  <testcase name="should_tell_if_inside_the_field" time="0.0" classname="mowitnow.FieldTest"/>
  <testcase name="should_tell_if_inside_the_field" time="0.001" classname="mowitnow.FieldTest"/>
  <testcase name="should_tell_if_inside_the_field" time="0.0" classname="mowitnow.FieldTest"/>
  <testcase name="should_tell_if_inside_the_field" time="0.0" classname="mowitnow.FieldTest"/>
  <testcase name="should_only_move_inside_the_field" time="0.0" classname="mowitnow.TondeuseTest"/>
  <testcase name="toto" time="0.001" classname="mowitnow.TondeuseTest"/>
</testsuite>
