<?xml version="1.0" encoding="UTF-8"?>
<!-- Generated by org.testng.reporters.JUnitXMLReporter -->
<testsuite hostname="ihommani" name="Command line test" tests="9" failures="0" timestamp="9 Aug 2013 19:38:58 GMT" time="0.017" errors="0">
  <testcase name="should_tell_if_inside_the_field" time="0.002" classname="mowitnow.FieldTest"/>
  <testcase name="should_tell_if_inside_the_field" time="0.0" classname="mowitnow.FieldTest"/>
  <testcase name="should_tell_if_inside_the_field" time="0.0" classname="mowitnow.FieldTest"/>
  <testcase name="should_tell_if_inside_the_field" time="0.001" classname="mowitnow.FieldTest"/>
  <testcase name="should_tell_if_inside_the_field" time="0.0" classname="mowitnow.FieldTest"/>
  <testcase name="should_tell_if_inside_the_field" time="0.0" classname="mowitnow.FieldTest"/>
  <testcase name="should_tell_if_inside_the_field" time="0.0" classname="mowitnow.FieldTest"/>
  <testcase name="should_tell_if_inside_the_field" time="0.0" classname="mowitnow.FieldTest"/>
  <testcase name="should_tell_if_inside_the_field" time="0.0" classname="mowitnow.FieldTest"/>
</testsuite>
