<?xml version="1.0" encoding="UTF-8"?>
<testng-results skipped="0" failed="0" total="11" passed="11">
  <reporter-output>
  </reporter-output>
  <suite name="Command line suite" duration-ms="39" started-at="2013-08-09T00:27:05Z" finished-at="2013-08-09T00:27:05Z">
    <groups>
    </groups>
    <test name="Command line test" duration-ms="39" started-at="2013-08-09T00:27:05Z" finished-at="2013-08-09T00:27:05Z">
      <class name="mowitnow.FieldTest">
        <test-method status="PASS" signature="setUp()[pri:0, instance:mowitnow.FieldTest@2b53d2f3]" name="setUp" is-config="true" duration-ms="12" started-at="2013-08-09T00:27:05Z" finished-at="2013-08-09T00:27:05Z">
        </test-method>
        <test-method status="PASS" signature="should_tell_if_inside_the_field(int, int, boolean)[pri:0, instance:mowitnow.FieldTest@2b53d2f3]" name="should_tell_if_inside_the_field" duration-ms="3" started-at="2013-08-09T00:27:05Z" finished-at="2013-08-09T00:27:05Z">
          <params>
            <param index="0">
              <value>
                <![CDATA[-1]]>
              </value>
            </param>
            <param index="1">
              <value>
                <![CDATA[-1]]>
              </value>
            </param>
            <param index="2">
              <value>
                <![CDATA[false]]>
              </value>
            </param>
          </params>
        </test-method>
        <test-method status="PASS" signature="should_tell_if_inside_the_field(int, int, boolean)[pri:0, instance:mowitnow.FieldTest@2b53d2f3]" name="should_tell_if_inside_the_field" duration-ms="0" started-at="2013-08-09T00:27:05Z" finished-at="2013-08-09T00:27:05Z">
          <params>
            <param index="0">
              <value>
                <![CDATA[-1]]>
              </value>
            </param>
            <param index="1">
              <value>
                <![CDATA[0]]>
              </value>
            </param>
            <param index="2">
              <value>
                <![CDATA[false]]>
              </value>
            </param>
          </params>
        </test-method>
        <test-method status="PASS" signature="should_tell_if_inside_the_field(int, int, boolean)[pri:0, instance:mowitnow.FieldTest@2b53d2f3]" name="should_tell_if_inside_the_field" duration-ms="1" started-at="2013-08-09T00:27:05Z" finished-at="2013-08-09T00:27:05Z">
          <params>
            <param index="0">
              <value>
                <![CDATA[0]]>
              </value>
            </param>
            <param index="1">
              <value>
                <![CDATA[-1]]>
              </value>
            </param>
            <param index="2">
              <value>
                <![CDATA[false]]>
              </value>
            </param>
          </params>
        </test-method>
        <test-method status="PASS" signature="should_tell_if_inside_the_field(int, int, boolean)[pri:0, instance:mowitnow.FieldTest@2b53d2f3]" name="should_tell_if_inside_the_field" duration-ms="1" started-at="2013-08-09T00:27:05Z" finished-at="2013-08-09T00:27:05Z">
          <params>
            <param index="0">
              <value>
                <![CDATA[0]]>
              </value>
            </param>
            <param index="1">
              <value>
                <![CDATA[0]]>
              </value>
            </param>
            <param index="2">
              <value>
                <![CDATA[true]]>
              </value>
            </param>
          </params>
        </test-method>
        <test-method status="PASS" signature="should_tell_if_inside_the_field(int, int, boolean)[pri:0, instance:mowitnow.FieldTest@2b53d2f3]" name="should_tell_if_inside_the_field" duration-ms="0" started-at="2013-08-09T00:27:05Z" finished-at="2013-08-09T00:27:05Z">
          <params>
            <param index="0">
              <value>
                <![CDATA[3]]>
              </value>
            </param>
            <param index="1">
              <value>
                <![CDATA[4]]>
              </value>
            </param>
            <param index="2">
              <value>
                <![CDATA[true]]>
              </value>
            </param>
          </params>
        </test-method>
        <test-method status="PASS" signature="should_tell_if_inside_the_field(int, int, boolean)[pri:0, instance:mowitnow.FieldTest@2b53d2f3]" name="should_tell_if_inside_the_field" duration-ms="0" started-at="2013-08-09T00:27:05Z" finished-at="2013-08-09T00:27:05Z">
          <params>
            <param index="0">
              <value>
                <![CDATA[5]]>
              </value>
            </param>
            <param index="1">
              <value>
                <![CDATA[5]]>
              </value>
            </param>
            <param index="2">
              <value>
                <![CDATA[true]]>
              </value>
            </param>
          </params>
        </test-method>
        <test-method status="PASS" signature="should_tell_if_inside_the_field(int, int, boolean)[pri:0, instance:mowitnow.FieldTest@2b53d2f3]" name="should_tell_if_inside_the_field" duration-ms="1" started-at="2013-08-09T00:27:05Z" finished-at="2013-08-09T00:27:05Z">
          <params>
            <param index="0">
              <value>
                <![CDATA[6]]>
              </value>
            </param>
            <param index="1">
              <value>
                <![CDATA[5]]>
              </value>
            </param>
            <param index="2">
              <value>
                <![CDATA[false]]>
              </value>
            </param>
          </params>
        </test-method>
        <test-method status="PASS" signature="should_tell_if_inside_the_field(int, int, boolean)[pri:0, instance:mowitnow.FieldTest@2b53d2f3]" name="should_tell_if_inside_the_field" duration-ms="0" started-at="2013-08-09T00:27:05Z" finished-at="2013-08-09T00:27:05Z">
          <params>
            <param index="0">
              <value>
                <![CDATA[5]]>
              </value>
            </param>
            <param index="1">
              <value>
                <![CDATA[6]]>
              </value>
            </param>
            <param index="2">
              <value>
                <![CDATA[false]]>
              </value>
            </param>
          </params>
        </test-method>
        <test-method status="PASS" signature="should_tell_if_inside_the_field(int, int, boolean)[pri:0, instance:mowitnow.FieldTest@2b53d2f3]" name="should_tell_if_inside_the_field" duration-ms="0" started-at="2013-08-09T00:27:05Z" finished-at="2013-08-09T00:27:05Z">
          <params>
            <param index="0">
              <value>
                <![CDATA[6]]>
              </value>
            </param>
            <param index="1">
              <value>
                <![CDATA[6]]>
              </value>
            </param>
            <param index="2">
              <value>
                <![CDATA[false]]>
              </value>
            </param>
          </params>
        </test-method>
      </class>
      <class name="mowitnow.TondeuseTest">
        <test-method status="PASS" signature="should_only_move_inside_the_field()[pri:0, instance:mowitnow.TondeuseTest@c3e65be]" name="should_only_move_inside_the_field" duration-ms="0" started-at="2013-08-09T00:27:05Z" finished-at="2013-08-09T00:27:05Z">
        </test-method>
        <test-method status="PASS" signature="toto()[pri:0, instance:mowitnow.TondeuseTest@c3e65be]" name="toto" duration-ms="1" started-at="2013-08-09T00:27:05Z" finished-at="2013-08-09T00:27:05Z">
        </test-method>
      </class>
    </test>
  </suite>
</testng-results>
